<?xml version="1.0" encoding="UTF-8"?>
<testng-results ignored="0" total="1" passed="1" failed="0" skipped="0">
  <reporter-output>
    <line>
      <![CDATA[Number of Rows are::9]]>
    </line>
    <line>
      <![CDATA[Username and Password are Valid    dashboard   http://webapp.qedgetech.com/dashboard.php]]>
    </line>
    <line>
      <![CDATA[Incorrect user ID or password   dashboard   http://webapp.qedgetech.com/login.php]]>
    </line>
    <line>
      <![CDATA[Username and Password are Valid    dashboard   http://webapp.qedgetech.com/dashboard.php]]>
    </line>
    <line>
      <![CDATA[Incorrect user ID or password   dashboard   http://webapp.qedgetech.com/login.php]]>
    </line>
    <line>
      <![CDATA[Username and Password are Valid    dashboard   http://webapp.qedgetech.com/dashboard.php]]>
    </line>
    <line>
      <![CDATA[Incorrect user ID or password   dashboard   http://webapp.qedgetech.com/login.php]]>
    </line>
    <line>
      <![CDATA[Username and Password are Valid    dashboard   http://webapp.qedgetech.com/dashboard.php]]>
    </line>
    <line>
      <![CDATA[Incorrect user ID or password   dashboard   http://webapp.qedgetech.com/login.php]]>
    </line>
    <line>
      <![CDATA[Username and Password are Valid    dashboard   http://webapp.qedgetech.com/dashboard.php]]>
    </line>
  </reporter-output>
  <suite started-at="2024-01-21T15:46:09 IST" name="Surefire suite" finished-at="2024-01-21T15:46:36 IST" duration-ms="27451">
    <groups>
    </groups>
    <test started-at="2024-01-21T15:46:09 IST" name="Surefire test" finished-at="2024-01-21T15:46:36 IST" duration-ms="27451">
      <class name="driverFactory.AppTest">
        <test-method is-config="true" signature="setUp()[pri:0, instance:driverFactory.AppTest@1b1426f4]" started-at="2024-01-21T15:46:09 IST" name="setUp" finished-at="2024-01-21T15:46:12 IST" duration-ms="3033" status="PASS">
          <reporter-output>
          </reporter-output>
        </test-method> <!-- setUp -->
        <test-method signature="startTest()[pri:0, instance:driverFactory.AppTest@1b1426f4]" started-at="2024-01-21T15:46:12 IST" name="startTest" finished-at="2024-01-21T15:46:36 IST" duration-ms="23876" status="PASS">
          <reporter-output>
            <line>
              <![CDATA[Number of Rows are::9]]>
            </line>
            <line>
              <![CDATA[Username and Password are Valid    dashboard   http://webapp.qedgetech.com/dashboard.php]]>
            </line>
            <line>
              <![CDATA[Incorrect user ID or password   dashboard   http://webapp.qedgetech.com/login.php]]>
            </line>
            <line>
              <![CDATA[Username and Password are Valid    dashboard   http://webapp.qedgetech.com/dashboard.php]]>
            </line>
            <line>
              <![CDATA[Incorrect user ID or password   dashboard   http://webapp.qedgetech.com/login.php]]>
            </line>
            <line>
              <![CDATA[Username and Password are Valid    dashboard   http://webapp.qedgetech.com/dashboard.php]]>
            </line>
            <line>
              <![CDATA[Incorrect user ID or password   dashboard   http://webapp.qedgetech.com/login.php]]>
            </line>
            <line>
              <![CDATA[Username and Password are Valid    dashboard   http://webapp.qedgetech.com/dashboard.php]]>
            </line>
            <line>
              <![CDATA[Incorrect user ID or password   dashboard   http://webapp.qedgetech.com/login.php]]>
            </line>
            <line>
              <![CDATA[Username and Password are Valid    dashboard   http://webapp.qedgetech.com/dashboard.php]]>
            </line>
          </reporter-output>
        </test-method> <!-- startTest -->
        <test-method is-config="true" signature="tearDown()[pri:0, instance:driverFactory.AppTest@1b1426f4]" started-at="2024-01-21T15:46:36 IST" name="tearDown" finished-at="2024-01-21T15:46:36 IST" duration-ms="460" status="PASS">
          <reporter-output>
          </reporter-output>
        </test-method> <!-- tearDown -->
      </class> <!-- driverFactory.AppTest -->
    </test> <!-- Surefire test -->
  </suite> <!-- Surefire suite -->
</testng-results>
